生成日期：20250703110323(当前工程Id:0005, 用户：pyf)
错误：字段[strPrjId]的长度应该等于4!生成表:[CacheUseState(00050566)]时.(System.Threading.ExecutionContext:RunInternal->System.Threading.ThreadHelper:ThreadStart_Context->Agc_CsWin.clsGeneCode_Local:GeneAllCheckedTableThreeLayer).
错误：字段[strPrjId]的长度应该等于4!生成表:[vCacheUseState(00050567)]时.(System.Threading.ExecutionContext:RunInternal->System.Threading.ThreadHelper:ThreadStart_Context->Agc_CsWin.clsGeneCode_Local:GeneAllCheckedTableThreeLayer).
错误：字段[strPrjId]的长度应该等于4!生成表:[PrjTab(00050009)]时.(System.Threading.ExecutionContext:RunInternal->System.Threading.ThreadHelper:ThreadStart_Context->Agc_CsWin.clsGeneCode_Local:GeneAllCheckedTableThreeLayer).
错误：字段[strPrjId]的长度应该等于4!生成表:[PrjTabFld(00050019)]时.(System.Threading.ExecutionContext:RunInternal->System.Threading.ThreadHelper:ThreadStart_Context->Agc_CsWin.clsGeneCode_Local:GeneAllCheckedTableThreeLayer).
错误：字段[strPrjId]的长度应该等于4!生成表:[FieldTab(00050021)]时.(System.Threading.ExecutionContext:RunInternal->System.Threading.ThreadHelper:ThreadStart_Context->Agc_CsWin.clsGeneCode_Local:GeneAllCheckedTableThreeLayer).
错误：字段[strPrjId]的长度应该等于4!生成表:[PrjConstraint(00050331)]时.(System.Threading.ExecutionContext:RunInternal->System.Threading.ThreadHelper:ThreadStart_Context->Agc_CsWin.clsGeneCode_Local:GeneAllCheckedTableThreeLayer).
错误：字段[strPrjId]的长度应该等于4!生成表:[ConstraintFields(00050334)]时.(System.Threading.ExecutionContext:RunInternal->System.Threading.ThreadHelper:ThreadStart_Context->Agc_CsWin.clsGeneCode_Local:GeneAllCheckedTableThreeLayer).
错误：字段[strPrjId]的长度应该等于4!生成表:[FieldTab4RootFld(00050422)]时.(System.Threading.ExecutionContext:RunInternal->System.Threading.ThreadHelper:ThreadStart_Context->Agc_CsWin.clsGeneCode_Local:GeneAllCheckedTableThreeLayer).
错误：字段[strPrjId]的长度应该等于4!生成表:[TabFeature(00050463)]时.(System.Threading.ExecutionContext:RunInternal->System.Threading.ThreadHelper:ThreadStart_Context->Agc_CsWin.clsGeneCode_Local:GeneAllCheckedTableThreeLayer).
错误：字段[strPrjId]的长度应该等于4!生成表:[TabFeatureFlds(00050455)]时.(System.Threading.ExecutionContext:RunInternal->System.Threading.ThreadHelper:ThreadStart_Context->Agc_CsWin.clsGeneCode_Local:GeneAllCheckedTableThreeLayer).
错误：字段[strPrjId]的长度应该等于4!生成表:[CodeDictTab(00050542)]时.(System.Threading.ExecutionContext:RunInternal->System.Threading.ThreadHelper:ThreadStart_Context->Agc_CsWin.clsGeneCode_Local:GeneAllCheckedTableThreeLayer).
错误：字段[strPrjId]的长度应该等于4!生成表:[PrjTab_Check(00050564)]时.(System.Threading.ExecutionContext:RunInternal->System.Threading.ThreadHelper:ThreadStart_Context->Agc_CsWin.clsGeneCode_Local:GeneAllCheckedTableThreeLayer).
错误：字段[strPrjId]的长度应该等于4!生成表:[PrjTabRelation(00050606)]时.(System.Threading.ExecutionContext:RunInternal->System.Threading.ThreadHelper:ThreadStart_Context->Agc_CsWin.clsGeneCode_Local:GeneAllCheckedTableThreeLayer).
错误：字段[strPrjId]的长度应该等于4!生成表:[FieldTab4CodeConv(00050593)]时.(System.Threading.ExecutionContext:RunInternal->System.Threading.ThreadHelper:ThreadStart_Context->Agc_CsWin.clsGeneCode_Local:GeneAllCheckedTableThreeLayer).
错误：字段[strPrjId]的长度应该等于4!生成表:[ViewMaster(00050557)]时.(System.Threading.ExecutionContext:RunInternal->System.Threading.ThreadHelper:ThreadStart_Context->Agc_CsWin.clsGeneCode_Local:GeneAllCheckedTableThreeLayer).
错误：字段[strPrjId]的长度应该等于4!生成表:[ViewGroup(00050134)]时.(System.Threading.ExecutionContext:RunInternal->System.Threading.ThreadHelper:ThreadStart_Context->Agc_CsWin.clsGeneCode_Local:GeneAllCheckedTableThreeLayer).
错误：字段[strPrjId]的长度应该等于4!生成表:[ViewRelaTab(00050100)]时.(System.Threading.ExecutionContext:RunInternal->System.Threading.ThreadHelper:ThreadStart_Context->Agc_CsWin.clsGeneCode_Local:GeneAllCheckedTableThreeLayer).
错误：字段[strPrjId]的长度应该等于4!生成表:[ViewInfo(00050006)]时.(System.Threading.ExecutionContext:RunInternal->System.Threading.ThreadHelper:ThreadStart_Context->Agc_CsWin.clsGeneCode_Local:GeneAllCheckedTableThreeLayer).
错误：字段[strPrjId]的长度应该等于4!生成表:[TabFunctionProp(00050522)]时.(System.Threading.ExecutionContext:RunInternal->System.Threading.ThreadHelper:ThreadStart_Context->Agc_CsWin.clsGeneCode_Local:GeneAllCheckedTableThreeLayer).
错误：字段[strPrjId]的长度应该等于4!生成表:[UserCodePrjMainPath_MachineName(00050614)]时.(System.Threading.ExecutionContext:RunInternal->System.Threading.ThreadHelper:ThreadStart_Context->Agc_CsWin.clsGeneCode_Local:GeneAllCheckedTableThreeLayer).
错误：字段[strPrjId]的长度应该等于4!生成表:[UserCodePrjMainPath(00050338)]时.(System.Threading.ExecutionContext:RunInternal->System.Threading.ThreadHelper:ThreadStart_Context->Agc_CsWin.clsGeneCode_Local:GeneAllCheckedTableThreeLayer).
错误：字段[strPrjId]的长度应该等于4!生成表:[UserCodePath(00050204)]时.(System.Threading.ExecutionContext:RunInternal->System.Threading.ThreadHelper:ThreadStart_Context->Agc_CsWin.clsGeneCode_Local:GeneAllCheckedTableThreeLayer).
错误：字段[strPrjId]的长度应该等于4!生成表:[FuncModule_Agc(00050015)]时.(System.Threading.ExecutionContext:RunInternal->System.Threading.ThreadHelper:ThreadStart_Context->Agc_CsWin.clsGeneCode_Local:GeneAllCheckedTableThreeLayer).
错误：字段[strPrjId]的长度应该等于4!生成表:[TabCheckStatus(00050568)]时.(System.Threading.ExecutionContext:RunInternal->System.Threading.ThreadHelper:ThreadStart_Context->Agc_CsWin.clsGeneCode_Local:GeneAllCheckedTableThreeLayer).
错误：字段[strPrjId]的长度应该等于4!生成表:[ProjectDatabaseRel(00050177)]时.(System.Threading.ExecutionContext:RunInternal->System.Threading.ThreadHelper:ThreadStart_Context->Agc_CsWin.clsGeneCode_Local:GeneAllCheckedTableThreeLayer).
错误：字段[strPrjId]的长度应该等于4!生成表:[WebSrvClass(00050344)]时.(System.Threading.ExecutionContext:RunInternal->System.Threading.ThreadHelper:ThreadStart_Context->Agc_CsWin.clsGeneCode_Local:GeneAllCheckedTableThreeLayer).
错误：字段[strPrjId]的长度应该等于4!生成表:[GCPath(00050595)]时.(System.Threading.ExecutionContext:RunInternal->System.Threading.ThreadHelper:ThreadStart_Context->Agc_CsWin.clsGeneCode_Local:GeneAllCheckedTableThreeLayer).
错误：字段[strPrjId]的长度应该等于4!生成表:[GCVariablePrjIdRela(00050617)]时.(System.Threading.ExecutionContext:RunInternal->System.Threading.ThreadHelper:ThreadStart_Context->Agc_CsWin.clsGeneCode_Local:GeneAllCheckedTableThreeLayer).
错误：字段[strPrjId]的长度应该等于4!生成表:[ViewIdGCVariableRela(00050631)]时.(System.Threading.ExecutionContext:RunInternal->System.Threading.ThreadHelper:ThreadStart_Context->Agc_CsWin.clsGeneCode_Local:GeneAllCheckedTableThreeLayer).
错误：字段[strPrjId]的长度应该等于4!生成表:[ViewReferFiles(00050465)]时.(System.Threading.ExecutionContext:RunInternal->System.Threading.ThreadHelper:ThreadStart_Context->Agc_CsWin.clsGeneCode_Local:GeneAllCheckedTableThreeLayer).
错误：字段[strPrjId]的长度应该等于4!生成表:[DGRegionFlds(00050113)]时.(System.Threading.ExecutionContext:RunInternal->System.Threading.ThreadHelper:ThreadStart_Context->Agc_CsWin.clsGeneCode_Local:GeneAllCheckedTableThreeLayer).
错误：字段[strPrjId]的长度应该等于4!生成表:[ExcelExportRegionFlds(00050149)]时.(System.Threading.ExecutionContext:RunInternal->System.Threading.ThreadHelper:ThreadStart_Context->Agc_CsWin.clsGeneCode_Local:GeneAllCheckedTableThreeLayer).
错误：字段[strPrjId]的长度应该等于4!生成表:[ViewRegion(00050099)]时.(System.Threading.ExecutionContext:RunInternal->System.Threading.ThreadHelper:ThreadStart_Context->Agc_CsWin.clsGeneCode_Local:GeneAllCheckedTableThreeLayer).
错误：字段[strPrjId]的长度应该等于4!生成表:[QryRegionFlds(00050115)]时.(System.Threading.ExecutionContext:RunInternal->System.Threading.ThreadHelper:ThreadStart_Context->Agc_CsWin.clsGeneCode_Local:GeneAllCheckedTableThreeLayer).
错误：字段[strPrjId]的长度应该等于4!生成表:[EditRegionFlds(00050116)]时.(System.Threading.ExecutionContext:RunInternal->System.Threading.ThreadHelper:ThreadStart_Context->Agc_CsWin.clsGeneCode_Local:GeneAllCheckedTableThreeLayer).
错误：字段[strPrjId]的长度应该等于4!生成表:[ViewRegionRela(00050573)]时.(System.Threading.ExecutionContext:RunInternal->System.Threading.ThreadHelper:ThreadStart_Context->Agc_CsWin.clsGeneCode_Local:GeneAllCheckedTableThreeLayer).
错误：字段[strPrjId]的长度应该等于4!生成表:[FeatureRegionFlds(00050452)]时.(System.Threading.ExecutionContext:RunInternal->System.Threading.ThreadHelper:ThreadStart_Context->Agc_CsWin.clsGeneCode_Local:GeneAllCheckedTableThreeLayer).
错误：字段[strPrjId]的长度应该等于4!生成表:[ViewFeatureFlds(00050453)]时.(System.Threading.ExecutionContext:RunInternal->System.Threading.ThreadHelper:ThreadStart_Context->Agc_CsWin.clsGeneCode_Local:GeneAllCheckedTableThreeLayer).
错误：字段[strPrjId]的长度应该等于4!生成表:[DetailRegionFlds(00050544)]时.(System.Threading.ExecutionContext:RunInternal->System.Threading.ThreadHelper:ThreadStart_Context->Agc_CsWin.clsGeneCode_Local:GeneAllCheckedTableThreeLayer).
错误：字段[strPrjId]的长度应该等于4!生成表:[CMRequirement(00050075)]时.(System.Threading.ExecutionContext:RunInternal->System.Threading.ThreadHelper:ThreadStart_Context->Agc_CsWin.clsGeneCode_Local:GeneAllCheckedTableThreeLayer).
错误：字段[strPrjId]的长度应该等于4!生成表:[CMFuncParaRela(00050504)]时.(System.Threading.ExecutionContext:RunInternal->System.Threading.ThreadHelper:ThreadStart_Context->Agc_CsWin.clsGeneCode_Local:GeneAllCheckedTableThreeLayer).
错误：字段[strPrjId]的长度应该等于4!生成表:[CMFeature(00050517)]时.(System.Threading.ExecutionContext:RunInternal->System.Threading.ThreadHelper:ThreadStart_Context->Agc_CsWin.clsGeneCode_Local:GeneAllCheckedTableThreeLayer).
错误：字段[strPrjId]的长度应该等于4!生成表:[CMFeatureRequirement(00050520)]时.(System.Threading.ExecutionContext:RunInternal->System.Threading.ThreadHelper:ThreadStart_Context->Agc_CsWin.clsGeneCode_Local:GeneAllCheckedTableThreeLayer).
错误：字段[strPrjId]的长度应该等于4!生成表:[CMProjectFuncModule(00050555)]时.(System.Threading.ExecutionContext:RunInternal->System.Threading.ThreadHelper:ThreadStart_Context->Agc_CsWin.clsGeneCode_Local:GeneAllCheckedTableThreeLayer).
错误：字段[strPrjId]的长度应该等于4!生成表:[CMProjectAppRela(00050600)]时.(System.Threading.ExecutionContext:RunInternal->System.Threading.ThreadHelper:ThreadStart_Context->Agc_CsWin.clsGeneCode_Local:GeneAllCheckedTableThreeLayer).
错误：字段[strPrjId]的长度应该等于4!生成表:[SqlView(00050245)]时.(System.Threading.ExecutionContext:RunInternal->System.Threading.ThreadHelper:ThreadStart_Context->Agc_CsWin.clsGeneCode_Local:GeneAllCheckedTableThreeLayer).
错误：字段[strPrjId]的长度应该等于4!生成表:[SqlViewRelaTab(00050247)]时.(System.Threading.ExecutionContext:RunInternal->System.Threading.ThreadHelper:ThreadStart_Context->Agc_CsWin.clsGeneCode_Local:GeneAllCheckedTableThreeLayer).
错误：字段[strPrjId]的长度应该等于4!生成表:[SqlViewFld(00050249)]时.(System.Threading.ExecutionContext:RunInternal->System.Threading.ThreadHelper:ThreadStart_Context->Agc_CsWin.clsGeneCode_Local:GeneAllCheckedTableThreeLayer).
错误：字段[strPrjId]的长度应该等于4!生成表:[DataNode(00050547)]时.(System.Threading.ExecutionContext:RunInternal->System.Threading.ThreadHelper:ThreadStart_Context->Agc_CsWin.clsGeneCode_Local:GeneAllCheckedTableThreeLayer).
错误：字段[strPrjId]的长度应该等于4!生成表:[DnFuncMap(00050549)]时.(System.Threading.ExecutionContext:RunInternal->System.Threading.ThreadHelper:ThreadStart_Context->Agc_CsWin.clsGeneCode_Local:GeneAllCheckedTableThreeLayer).
错误：字段[strPrjId]的长度应该等于4!生成表:[DnFunction(00050552)]时.(System.Threading.ExecutionContext:RunInternal->System.Threading.ThreadHelper:ThreadStart_Context->Agc_CsWin.clsGeneCode_Local:GeneAllCheckedTableThreeLayer).
错误：字段[strPrjId]的长度应该等于4!生成表:[DataNodeDirectMap(00050570)]时.(System.Threading.ExecutionContext:RunInternal->System.Threading.ThreadHelper:ThreadStart_Context->Agc_CsWin.clsGeneCode_Local:GeneAllCheckedTableThreeLayer).
错误：字段[strPrjId]的长度应该等于4!生成表:[DnPath(00050591)]时.(System.Threading.ExecutionContext:RunInternal->System.Threading.ThreadHelper:ThreadStart_Context->Agc_CsWin.clsGeneCode_Local:GeneAllCheckedTableThreeLayer).
错误：字段[strPrjId]的长度应该等于4!生成表:[vDataNode_Sim(00050592)]时.(System.Threading.ExecutionContext:RunInternal->System.Threading.ThreadHelper:ThreadStart_Context->Agc_CsWin.clsGeneCode_Local:GeneAllCheckedTableThreeLayer).
错误：字段[strPrjId]的长度应该等于4!生成表:[vDnFunction(00050553)]时.(System.Threading.ExecutionContext:RunInternal->System.Threading.ThreadHelper:ThreadStart_Context->Agc_CsWin.clsGeneCode_Local:GeneAllCheckedTableThreeLayer).
错误：字段[strPrjId]的长度应该等于4!生成表:[vDnFuncMap(00050554)]时.(System.Threading.ExecutionContext:RunInternal->System.Threading.ThreadHelper:ThreadStart_Context->Agc_CsWin.clsGeneCode_Local:GeneAllCheckedTableThreeLayer).
错误：字段[strPrjId]的长度应该等于4!生成表:[vDnFuncMap_Sim(00050625)]时.(System.Threading.ExecutionContext:RunInternal->System.Threading.ThreadHelper:ThreadStart_Context->Agc_CsWin.clsGeneCode_Local:GeneAllCheckedTableThreeLayer).
错误：字段[strPrjId]的长度应该等于4!生成表:[vSqlView(00050250)]时.(System.Threading.ExecutionContext:RunInternal->System.Threading.ThreadHelper:ThreadStart_Context->Agc_CsWin.clsGeneCode_Local:GeneAllCheckedTableThreeLayer).
错误：字段[strPrjId]的长度应该等于4!生成表:[vSqlViewRelaTab(00050251)]时.(System.Threading.ExecutionContext:RunInternal->System.Threading.ThreadHelper:ThreadStart_Context->Agc_CsWin.clsGeneCode_Local:GeneAllCheckedTableThreeLayer).
错误：字段[strPrjId]的长度应该等于4!生成表:[vSqlViewFld(00050252)]时.(System.Threading.ExecutionContext:RunInternal->System.Threading.ThreadHelper:ThreadStart_Context->Agc_CsWin.clsGeneCode_Local:GeneAllCheckedTableThreeLayer).
错误：字段[strPrjId]的长度应该等于4!生成表:[vSqlView_Sim(00050298)]时.(System.Threading.ExecutionContext:RunInternal->System.Threading.ThreadHelper:ThreadStart_Context->Agc_CsWin.clsGeneCode_Local:GeneAllCheckedTableThreeLayer).
错误：字段[strPrjId]的长度应该等于4!生成表:[vCmProjectAppRela(00050634)]时.(System.Threading.ExecutionContext:RunInternal->System.Threading.ThreadHelper:ThreadStart_Context->Agc_CsWin.clsGeneCode_Local:GeneAllCheckedTableThreeLayer).
错误：字段[strPrjId]的长度应该等于4!生成表:[vCmProjectPrjTab_Sim(00050639)]时.(System.Threading.ExecutionContext:RunInternal->System.Threading.ThreadHelper:ThreadStart_Context->Agc_CsWin.clsGeneCode_Local:GeneAllCheckedTableThreeLayer).
错误：字段[strPrjId]的长度应该等于4!生成表:[vCMProjectFuncModule(00050556)]时.(System.Threading.ExecutionContext:RunInternal->System.Threading.ThreadHelper:ThreadStart_Context->Agc_CsWin.clsGeneCode_Local:GeneAllCheckedTableThreeLayer).
错误：字段[strPrjId]的长度应该等于4!生成表:[vCmProjectPrjTab(00050531)]时.(System.Threading.ExecutionContext:RunInternal->System.Threading.ThreadHelper:ThreadStart_Context->Agc_CsWin.clsGeneCode_Local:GeneAllCheckedTableThreeLayer).
错误：字段[strPrjId]的长度应该等于4!生成表:[vCMFeatureRequirement(00050521)]时.(System.Threading.ExecutionContext:RunInternal->System.Threading.ThreadHelper:ThreadStart_Context->Agc_CsWin.clsGeneCode_Local:GeneAllCheckedTableThreeLayer).
错误：字段[strPrjId]的长度应该等于4!生成表:[vCMFeature(00050519)]时.(System.Threading.ExecutionContext:RunInternal->System.Threading.ThreadHelper:ThreadStart_Context->Agc_CsWin.clsGeneCode_Local:GeneAllCheckedTableThreeLayer).
错误：字段[strPrjId]的长度应该等于4!生成表:[vCMFuncParaRela(00050509)]时.(System.Threading.ExecutionContext:RunInternal->System.Threading.ThreadHelper:ThreadStart_Context->Agc_CsWin.clsGeneCode_Local:GeneAllCheckedTableThreeLayer).
错误：字段[strPrjId]的长度应该等于4!生成表:[vCMRequirement(00050260)]时.(System.Threading.ExecutionContext:RunInternal->System.Threading.ThreadHelper:ThreadStart_Context->Agc_CsWin.clsGeneCode_Local:GeneAllCheckedTableThreeLayer).
错误：字段[strPrjId]的长度应该等于4!生成表:[vDetailRegionFlds(00050546)]时.(System.Threading.ExecutionContext:RunInternal->System.Threading.ThreadHelper:ThreadStart_Context->Agc_CsWin.clsGeneCode_Local:GeneAllCheckedTableThreeLayer).
错误：字段[strPrjId]的长度应该等于4!生成表:[vViewFeatureFlds(00050454)]时.(System.Threading.ExecutionContext:RunInternal->System.Threading.ThreadHelper:ThreadStart_Context->Agc_CsWin.clsGeneCode_Local:GeneAllCheckedTableThreeLayer).
错误：字段[strPrjId]的长度应该等于4!生成表:[vRegionFeatureCount(00050575)]时.(System.Threading.ExecutionContext:RunInternal->System.Threading.ThreadHelper:ThreadStart_Context->Agc_CsWin.clsGeneCode_Local:GeneAllCheckedTableThreeLayer).
错误：字段[strPrjId]的长度应该等于4!生成表:[vExcelExportRegionFldCount(00050576)]时.(System.Threading.ExecutionContext:RunInternal->System.Threading.ThreadHelper:ThreadStart_Context->Agc_CsWin.clsGeneCode_Local:GeneAllCheckedTableThreeLayer).
错误：字段[strPrjId]的长度应该等于4!生成表:[vDGRegionFldCount(00050577)]时.(System.Threading.ExecutionContext:RunInternal->System.Threading.ThreadHelper:ThreadStart_Context->Agc_CsWin.clsGeneCode_Local:GeneAllCheckedTableThreeLayer).
错误：字段[strPrjId]的长度应该等于4!生成表:[vFeatureRegionFldCount(00050578)]时.(System.Threading.ExecutionContext:RunInternal->System.Threading.ThreadHelper:ThreadStart_Context->Agc_CsWin.clsGeneCode_Local:GeneAllCheckedTableThreeLayer).
错误：字段[strPrjId]的长度应该等于4!生成表:[vQryRegionFldCount(00050579)]时.(System.Threading.ExecutionContext:RunInternal->System.Threading.ThreadHelper:ThreadStart_Context->Agc_CsWin.clsGeneCode_Local:GeneAllCheckedTableThreeLayer).
错误：字段[strPrjId]的长度应该等于4!生成表:[vDetailRegionFldCount(00050580)]时.(System.Threading.ExecutionContext:RunInternal->System.Threading.ThreadHelper:ThreadStart_Context->Agc_CsWin.clsGeneCode_Local:GeneAllCheckedTableThreeLayer).
错误：字段[strPrjId]的长度应该等于4!生成表:[vEditRegionFldCount(00050581)]时.(System.Threading.ExecutionContext:RunInternal->System.Threading.ThreadHelper:ThreadStart_Context->Agc_CsWin.clsGeneCode_Local:GeneAllCheckedTableThreeLayer).
错误：字段[strPrjId]的长度应该等于4!生成表:[vExcelExportRegionFldCountInUse(00050582)]时.(System.Threading.ExecutionContext:RunInternal->System.Threading.ThreadHelper:ThreadStart_Context->Agc_CsWin.clsGeneCode_Local:GeneAllCheckedTableThreeLayer).
错误：字段[strPrjId]的长度应该等于4!生成表:[vDGRegionFldCountInUse(00050583)]时.(System.Threading.ExecutionContext:RunInternal->System.Threading.ThreadHelper:ThreadStart_Context->Agc_CsWin.clsGeneCode_Local:GeneAllCheckedTableThreeLayer).
错误：字段[strPrjId]的长度应该等于4!生成表:[vFeatureRegionFldCountInUse(00050584)]时.(System.Threading.ExecutionContext:RunInternal->System.Threading.ThreadHelper:ThreadStart_Context->Agc_CsWin.clsGeneCode_Local:GeneAllCheckedTableThreeLayer).
错误：字段[strPrjId]的长度应该等于4!生成表:[vQryRegionFldCountInUse(00050585)]时.(System.Threading.ExecutionContext:RunInternal->System.Threading.ThreadHelper:ThreadStart_Context->Agc_CsWin.clsGeneCode_Local:GeneAllCheckedTableThreeLayer).
错误：字段[strPrjId]的长度应该等于4!生成表:[vDetailRegionFldCountInUse(00050586)]时.(System.Threading.ExecutionContext:RunInternal->System.Threading.ThreadHelper:ThreadStart_Context->Agc_CsWin.clsGeneCode_Local:GeneAllCheckedTableThreeLayer).
错误：字段[strPrjId]的长度应该等于4!生成表:[vEditRegionFldCountInUse(00050587)]时.(System.Threading.ExecutionContext:RunInternal->System.Threading.ThreadHelper:ThreadStart_Context->Agc_CsWin.clsGeneCode_Local:GeneAllCheckedTableThreeLayer).
错误：字段[strPrjId]的长度应该等于4!生成表:[vFeatureRegionFlds(00050197)]时.(System.Threading.ExecutionContext:RunInternal->System.Threading.ThreadHelper:ThreadStart_Context->Agc_CsWin.clsGeneCode_Local:GeneAllCheckedTableThreeLayer).
错误：字段[strPrjId]的长度应该等于4!生成表:[vViewRegion(00050199)]时.(System.Threading.ExecutionContext:RunInternal->System.Threading.ThreadHelper:ThreadStart_Context->Agc_CsWin.clsGeneCode_Local:GeneAllCheckedTableThreeLayer).
错误：字段[strPrjId]的长度应该等于4!生成表:[vDGRegionFlds(00050201)]时.(System.Threading.ExecutionContext:RunInternal->System.Threading.ThreadHelper:ThreadStart_Context->Agc_CsWin.clsGeneCode_Local:GeneAllCheckedTableThreeLayer).
错误：字段[strPrjId]的长度应该等于4!生成表:[vFeatureRegionFlds_Ttl(00050474)]时.(System.Threading.ExecutionContext:RunInternal->System.Threading.ThreadHelper:ThreadStart_Context->Agc_CsWin.clsGeneCode_Local:GeneAllCheckedTableThreeLayer).
错误：字段[strPrjId]的长度应该等于4!生成表:[vExcelExportRegionFlds(00050150)]时.(System.Threading.ExecutionContext:RunInternal->System.Threading.ThreadHelper:ThreadStart_Context->Agc_CsWin.clsGeneCode_Local:GeneAllCheckedTableThreeLayer).
错误：字段[strPrjId]的长度应该等于4!生成表:[vQryRegionFlds(00050151)]时.(System.Threading.ExecutionContext:RunInternal->System.Threading.ThreadHelper:ThreadStart_Context->Agc_CsWin.clsGeneCode_Local:GeneAllCheckedTableThreeLayer).
错误：字段[strPrjId]的长度应该等于4!生成表:[vEditRegionFlds(00050126)]时.(System.Threading.ExecutionContext:RunInternal->System.Threading.ThreadHelper:ThreadStart_Context->Agc_CsWin.clsGeneCode_Local:GeneAllCheckedTableThreeLayer).
错误：字段[strPrjId]的长度应该等于4!生成表:[vGCVariable(00050561)]时.(System.Threading.ExecutionContext:RunInternal->System.Threading.ThreadHelper:ThreadStart_Context->Agc_CsWin.clsGeneCode_Local:GeneAllCheckedTableThreeLayer).
错误：字段[strPrjId]的长度应该等于4!生成表:[vViewReferFiles(00050466)]时.(System.Threading.ExecutionContext:RunInternal->System.Threading.ThreadHelper:ThreadStart_Context->Agc_CsWin.clsGeneCode_Local:GeneAllCheckedTableThreeLayer).
错误：字段[strPrjId]的长度应该等于4!生成表:[vWebSrvClass(00050349)]时.(System.Threading.ExecutionContext:RunInternal->System.Threading.ThreadHelper:ThreadStart_Context->Agc_CsWin.clsGeneCode_Local:GeneAllCheckedTableThreeLayer).
错误：字段[strPrjId]的长度应该等于4!生成表:[vViewInfo4GeneCode(00050283)]时.(System.Threading.ExecutionContext:RunInternal->System.Threading.ThreadHelper:ThreadStart_Context->Agc_CsWin.clsGeneCode_Local:GeneAllCheckedTableThreeLayer).
错误：字段[strPrjId]的长度应该等于4!生成表:[vPrjTab4GeneCode(00050284)]时.(System.Threading.ExecutionContext:RunInternal->System.Threading.ThreadHelper:ThreadStart_Context->Agc_CsWin.clsGeneCode_Local:GeneAllCheckedTableThreeLayer).
错误：字段[strPrjId]的长度应该等于4!生成表:[vWebSrvClass4GeneCode(00050372)]时.(System.Threading.ExecutionContext:RunInternal->System.Threading.ThreadHelper:ThreadStart_Context->Agc_CsWin.clsGeneCode_Local:GeneAllCheckedTableThreeLayer).
错误：字段[strPrjId]的长度应该等于4!生成表:[vFuncModule_Agc(00050125)]时.(System.Threading.ExecutionContext:RunInternal->System.Threading.ThreadHelper:ThreadStart_Context->Agc_CsWin.clsGeneCode_Local:GeneAllCheckedTableThreeLayer).
错误：字段[strPrjId]的长度应该等于4!生成表:[vTabCheckStatus_Sim(00050599)]时.(System.Threading.ExecutionContext:RunInternal->System.Threading.ThreadHelper:ThreadStart_Context->Agc_CsWin.clsGeneCode_Local:GeneAllCheckedTableThreeLayer).
错误：字段[strPrjId]的长度应该等于4!生成表:[vUserCodePath(00050205)]时.(System.Threading.ExecutionContext:RunInternal->System.Threading.ThreadHelper:ThreadStart_Context->Agc_CsWin.clsGeneCode_Local:GeneAllCheckedTableThreeLayer).
错误：字段[strPrjId]的长度应该等于4!生成表:[vUserCodePrjMainPath(00050339)]时.(System.Threading.ExecutionContext:RunInternal->System.Threading.ThreadHelper:ThreadStart_Context->Agc_CsWin.clsGeneCode_Local:GeneAllCheckedTableThreeLayer).
错误：字段[strPrjId]的长度应该等于4!生成表:[vTabFunctionProp(00050524)]时.(System.Threading.ExecutionContext:RunInternal->System.Threading.ThreadHelper:ThreadStart_Context->Agc_CsWin.clsGeneCode_Local:GeneAllCheckedTableThreeLayer).
错误：字段[strPrjId]的长度应该等于4!生成表:[vViewInfo(00050157)]时.(System.Threading.ExecutionContext:RunInternal->System.Threading.ThreadHelper:ThreadStart_Context->Agc_CsWin.clsGeneCode_Local:GeneAllCheckedTableThreeLayer).
错误：字段[strPrjId]的长度应该等于4!生成表:[vViewGroup(00050158)]时.(System.Threading.ExecutionContext:RunInternal->System.Threading.ThreadHelper:ThreadStart_Context->Agc_CsWin.clsGeneCode_Local:GeneAllCheckedTableThreeLayer).
错误：字段[strPrjId]的长度应该等于4!生成表:[vViewMaster(00050558)]时.(System.Threading.ExecutionContext:RunInternal->System.Threading.ThreadHelper:ThreadStart_Context->Agc_CsWin.clsGeneCode_Local:GeneAllCheckedTableThreeLayer).
错误：字段[strPrjId]的长度应该等于4!生成表:[vViewRelaTab(00050476)]时.(System.Threading.ExecutionContext:RunInternal->System.Threading.ThreadHelper:ThreadStart_Context->Agc_CsWin.clsGeneCode_Local:GeneAllCheckedTableThreeLayer).
错误：字段[strPrjId]的长度应该等于4!生成表:[vFieldTab4CodeConv(00050594)]时.(System.Threading.ExecutionContext:RunInternal->System.Threading.ThreadHelper:ThreadStart_Context->Agc_CsWin.clsGeneCode_Local:GeneAllCheckedTableThreeLayer).
错误：字段[strPrjId]的长度应该等于4!生成表:[vPrjTab_Sim(00050597)]时.(System.Threading.ExecutionContext:RunInternal->System.Threading.ThreadHelper:ThreadStart_Context->Agc_CsWin.clsGeneCode_Local:GeneAllCheckedTableThreeLayer).
错误：字段[strPrjId]的长度应该等于4!生成表:[vFieldTab_Sim2(00050608)]时.(System.Threading.ExecutionContext:RunInternal->System.Threading.ThreadHelper:ThreadStart_Context->Agc_CsWin.clsGeneCode_Local:GeneAllCheckedTableThreeLayer).
错误：字段[strPrjId]的长度应该等于4!生成表:[vPrjTabFld_Sim(00050589)]时.(System.Threading.ExecutionContext:RunInternal->System.Threading.ThreadHelper:ThreadStart_Context->Agc_CsWin.clsGeneCode_Local:GeneAllCheckedTableThreeLayer).
错误：字段[strPrjId]的长度应该等于4!生成表:[vFieldTab_Sim(00050590)]时.(System.Threading.ExecutionContext:RunInternal->System.Threading.ThreadHelper:ThreadStart_Context->Agc_CsWin.clsGeneCode_Local:GeneAllCheckedTableThreeLayer).
错误：字段[strPrjId]的长度应该等于4!生成表:[vCodeDictTab(00050541)]时.(System.Threading.ExecutionContext:RunInternal->System.Threading.ThreadHelper:ThreadStart_Context->Agc_CsWin.clsGeneCode_Local:GeneAllCheckedTableThreeLayer).
错误：字段[strPrjId]的长度应该等于4!生成表:[vTabFeatureFlds(00050456)]时.(System.Threading.ExecutionContext:RunInternal->System.Threading.ThreadHelper:ThreadStart_Context->Agc_CsWin.clsGeneCode_Local:GeneAllCheckedTableThreeLayer).
错误：字段[strPrjId]的长度应该等于4!生成表:[vTabFeature(00050464)]时.(System.Threading.ExecutionContext:RunInternal->System.Threading.ThreadHelper:ThreadStart_Context->Agc_CsWin.clsGeneCode_Local:GeneAllCheckedTableThreeLayer).
错误：字段[strPrjId]的长度应该等于4!生成表:[vPrjTab4Ddl(00050336)]时.(System.Threading.ExecutionContext:RunInternal->System.Threading.ThreadHelper:ThreadStart_Context->Agc_CsWin.clsGeneCode_Local:GeneAllCheckedTableThreeLayer).
错误：字段[strPrjId]的长度应该等于4!生成表:[vFieldTab4RootFld(00050406)]时.(System.Threading.ExecutionContext:RunInternal->System.Threading.ThreadHelper:ThreadStart_Context->Agc_CsWin.clsGeneCode_Local:GeneAllCheckedTableThreeLayer).
错误：字段[strPrjId]的长度应该等于4!生成表:[vConstraintFields(00050413)]时.(System.Threading.ExecutionContext:RunInternal->System.Threading.ThreadHelper:ThreadStart_Context->Agc_CsWin.clsGeneCode_Local:GeneAllCheckedTableThreeLayer).
错误：字段[strPrjId]的长度应该等于4!生成表:[vPrjConstraint(00050333)]时.(System.Threading.ExecutionContext:RunInternal->System.Threading.ThreadHelper:ThreadStart_Context->Agc_CsWin.clsGeneCode_Local:GeneAllCheckedTableThreeLayer).
错误：字段[strPrjId]的长度应该等于4!生成表:[vPrjTab4ErrMsg(00050206)]时.(System.Threading.ExecutionContext:RunInternal->System.Threading.ThreadHelper:ThreadStart_Context->Agc_CsWin.clsGeneCode_Local:GeneAllCheckedTableThreeLayer).
错误：字段[strPrjId]的长度应该等于4!生成表:[vPrjTabFldNum(00050285)]时.(System.Threading.ExecutionContext:RunInternal->System.Threading.ThreadHelper:ThreadStart_Context->Agc_CsWin.clsGeneCode_Local:GeneAllCheckedTableThreeLayer).
错误：字段[strPrjId]的长度应该等于4!生成表:[vPrjTabKeyFld(00050286)]时.(System.Threading.ExecutionContext:RunInternal->System.Threading.ThreadHelper:ThreadStart_Context->Agc_CsWin.clsGeneCode_Local:GeneAllCheckedTableThreeLayer).
错误：字段[strPrjId]的长度应该等于4!生成表:[vFieldTab(00050119)]时.(System.Threading.ExecutionContext:RunInternal->System.Threading.ThreadHelper:ThreadStart_Context->Agc_CsWin.clsGeneCode_Local:GeneAllCheckedTableThreeLayer).
错误：字段[strPrjId]的长度应该等于4!生成表:[vFieldTab2(00050120)]时.(System.Threading.ExecutionContext:RunInternal->System.Threading.ThreadHelper:ThreadStart_Context->Agc_CsWin.clsGeneCode_Local:GeneAllCheckedTableThreeLayer).
错误：字段[strPrjId]的长度应该等于4!生成表:[vPrjTabFld(00050122)]时.(System.Threading.ExecutionContext:RunInternal->System.Threading.ThreadHelper:ThreadStart_Context->Agc_CsWin.clsGeneCode_Local:GeneAllCheckedTableThreeLayer).
错误：字段[strPrjId]的长度应该等于4!生成表:[vPrjTab(00050124)]时.(System.Threading.ExecutionContext:RunInternal->System.Threading.ThreadHelper:ThreadStart_Context->Agc_CsWin.clsGeneCode_Local:GeneAllCheckedTableThreeLayer).
错误：字段[strPrjId]的长度应该等于4!生成表:[FuncPara4Code(00050384)]时.(System.Threading.ExecutionContext:RunInternal->System.Threading.ThreadHelper:ThreadStart_Context->Agc_CsWin.clsGeneCode_Local:GeneAllCheckedTableThreeLayer).
错误：字段[strPrjId]的长度应该等于4!生成表:[vFuncPara4Code(00050385)]时.(System.Threading.ExecutionContext:RunInternal->System.Threading.ThreadHelper:ThreadStart_Context->Agc_CsWin.clsGeneCode_Local:GeneAllCheckedTableThreeLayer).
错误：字段[strPrjId]的长度应该等于4!生成表:[ViewInfoCmPrjIdRela(00050621)]时.(System.Threading.ExecutionContext:RunInternal->System.Threading.ThreadHelper:ThreadStart_Context->Agc_CsWin.clsGeneCode_Local:GeneAllCheckedTableThreeLayer).
错误：字段[strPrjId]的长度应该等于4!生成表:[CmProjectPrjTab(00050530)]时.(System.Threading.ExecutionContext:RunInternal->System.Threading.ThreadHelper:ThreadStart_Context->Agc_CsWin.clsGeneCode_Local:GeneAllCheckedTableThreeLayer).
错误：字段[strPrjId]的长度应该等于4!生成表:[vDataNode(00050569)]时.(System.Threading.ExecutionContext:RunInternal->System.Threading.ThreadHelper:ThreadStart_Context->Agc_CsWin.clsGeneCode_Local:GeneAllCheckedTableThreeLayer).
错误：字段[strPrjId]的长度应该等于4!生成表:[vPrjTab_SimV2(00050610)]时.(System.Threading.ExecutionContext:RunInternal->System.Threading.ThreadHelper:ThreadStart_Context->Agc_CsWin.clsGeneCode_Local:GeneAllCheckedTableThreeLayer).
错误：字段[strPrjId]的长度应该等于4!生成表:[vPrjTabKeyFldV2(00050612)]时.(System.Threading.ExecutionContext:RunInternal->System.Threading.ThreadHelper:ThreadStart_Context->Agc_CsWin.clsGeneCode_Local:GeneAllCheckedTableThreeLayer).
错误：字段[strPrjId]的长度应该等于4!生成表:[vTabFeature_Sim(00050613)]时.(System.Threading.ExecutionContext:RunInternal->System.Threading.ThreadHelper:ThreadStart_Context->Agc_CsWin.clsGeneCode_Local:GeneAllCheckedTableThreeLayer).
共计生成文件数:0(共计表:133).
